Determining if the Q_WS_WIN exist failed with the following output:
Change Dir: /home/saroj/Capstone_Folder/QT_Creator/QT1/build/CMakeFiles/CMakeTmp

Run Build Command:/usr/bin/make "cmTryCompileExec3124021777/fast"
/usr/bin/make -f CMakeFiles/cmTryCompileExec3124021777.dir/build.make CMakeFiles/cmTryCompileExec3124021777.dir/build
make[1]: Entering directory `/home/saroj/Capstone_Folder/QT_Creator/QT1/build/CMakeFiles/CMakeTmp'
/usr/bin/cmake -E cmake_progress_report /home/saroj/Capstone_Folder/QT_Creator/QT1/build/CMakeFiles/CMakeTmp/CMakeFiles 1
Building CXX object CMakeFiles/cmTryCompileExec3124021777.dir/CheckSymbolExists.cxx.o
/usr/bin/c++    -I/usr/include/qt4    -o CMakeFiles/cmTryCompileExec3124021777.dir/CheckSymbolExists.cxx.o -c /home/saroj/Capstone_Folder/QT_Creator/QT1/build/CMakeFiles/CMakeTmp/CheckSymbolExists.cxx
/home/saroj/Capstone_Folder/QT_Creator/QT1/build/CMakeFiles/CMakeTmp/CheckSymbolExists.cxx: In function ‘int main(int, char**)’:
/home/saroj/Capstone_Folder/QT_Creator/QT1/build/CMakeFiles/CMakeTmp/CheckSymbolExists.cxx:8:19: error: ‘Q_WS_WIN’ was not declared in this scope
   return ((int*)(&Q_WS_WIN))[argc];
                   ^
make[1]: Leaving directory `/home/saroj/Capstone_Folder/QT_Creator/QT1/build/CMakeFiles/CMakeTmp'
make[1]: *** [CMakeFiles/cmTryCompileExec3124021777.dir/CheckSymbolExists.cxx.o] Error 1
make: *** [cmTryCompileExec3124021777/fast] Error 2

File /home/saroj/Capstone_Folder/QT_Creator/QT1/build/CMakeFiles/CMakeTmp/CheckSymbolExists.cxx:
/* */
#include <QtCore/qglobal.h>

int main(int argc, char** argv)
{
  (void)argv;
#ifndef Q_WS_WIN
  return ((int*)(&Q_WS_WIN))[argc];
#else
  (void)argc;
  return 0;
#endif
}

Determining if the Q_WS_QWS exist failed with the following output:
Change Dir: /home/saroj/Capstone_Folder/QT_Creator/QT1/build/CMakeFiles/CMakeTmp

Run Build Command:/usr/bin/make "cmTryCompileExec1507670591/fast"
/usr/bin/make -f CMakeFiles/cmTryCompileExec1507670591.dir/build.make CMakeFiles/cmTryCompileExec1507670591.dir/build
make[1]: Entering directory `/home/saroj/Capstone_Folder/QT_Creator/QT1/build/CMakeFiles/CMakeTmp'
/usr/bin/cmake -E cmake_progress_report /home/saroj/Capstone_Folder/QT_Creator/QT1/build/CMakeFiles/CMakeTmp/CMakeFiles 1
Building CXX object CMakeFiles/cmTryCompileExec1507670591.dir/CheckSymbolExists.cxx.o
/usr/bin/c++    -I/usr/include/qt4    -o CMakeFiles/cmTryCompileExec1507670591.dir/CheckSymbolExists.cxx.o -c /home/saroj/Capstone_Folder/QT_Creator/QT1/build/CMakeFiles/CMakeTmp/CheckSymbolExists.cxx
/home/saroj/Capstone_Folder/QT_Creator/QT1/build/CMakeFiles/CMakeTmp/CheckSymbolExists.cxx: In function ‘int main(int, char**)’:
/home/saroj/Capstone_Folder/QT_Creator/QT1/build/CMakeFiles/CMakeTmp/CheckSymbolExists.cxx:8:19: error: ‘Q_WS_QWS’ was not declared in this scope
   return ((int*)(&Q_WS_QWS))[argc];
                   ^
make[1]: Leaving directory `/home/saroj/Capstone_Folder/QT_Creator/QT1/build/CMakeFiles/CMakeTmp'
make[1]: *** [CMakeFiles/cmTryCompileExec1507670591.dir/CheckSymbolExists.cxx.o] Error 1
make: *** [cmTryCompileExec1507670591/fast] Error 2

File /home/saroj/Capstone_Folder/QT_Creator/QT1/build/CMakeFiles/CMakeTmp/CheckSymbolExists.cxx:
/* */
#include <QtCore/qglobal.h>

int main(int argc, char** argv)
{
  (void)argv;
#ifndef Q_WS_QWS
  return ((int*)(&Q_WS_QWS))[argc];
#else
  (void)argc;
  return 0;
#endif
}

Determining if the Q_WS_MAC exist failed with the following output:
Change Dir: /home/saroj/Capstone_Folder/QT_Creator/QT1/build/CMakeFiles/CMakeTmp

Run Build Command:/usr/bin/make "cmTryCompileExec701621700/fast"
/usr/bin/make -f CMakeFiles/cmTryCompileExec701621700.dir/build.make CMakeFiles/cmTryCompileExec701621700.dir/build
make[1]: Entering directory `/home/saroj/Capstone_Folder/QT_Creator/QT1/build/CMakeFiles/CMakeTmp'
/usr/bin/cmake -E cmake_progress_report /home/saroj/Capstone_Folder/QT_Creator/QT1/build/CMakeFiles/CMakeTmp/CMakeFiles 1
Building CXX object CMakeFiles/cmTryCompileExec701621700.dir/CheckSymbolExists.cxx.o
/usr/bin/c++    -I/usr/include/qt4    -o CMakeFiles/cmTryCompileExec701621700.dir/CheckSymbolExists.cxx.o -c /home/saroj/Capstone_Folder/QT_Creator/QT1/build/CMakeFiles/CMakeTmp/CheckSymbolExists.cxx
/home/saroj/Capstone_Folder/QT_Creator/QT1/build/CMakeFiles/CMakeTmp/CheckSymbolExists.cxx: In function ‘int main(int, char**)’:
/home/saroj/Capstone_Folder/QT_Creator/QT1/build/CMakeFiles/CMakeTmp/CheckSymbolExists.cxx:8:19: error: ‘Q_WS_MAC’ was not declared in this scope
   return ((int*)(&Q_WS_MAC))[argc];
                   ^
make[1]: *** [CMakeFiles/cmTryCompileExec701621700.dir/CheckSymbolExists.cxx.o] Error 1
make[1]: Leaving directory `/home/saroj/Capstone_Folder/QT_Creator/QT1/build/CMakeFiles/CMakeTmp'
make: *** [cmTryCompileExec701621700/fast] Error 2

File /home/saroj/Capstone_Folder/QT_Creator/QT1/build/CMakeFiles/CMakeTmp/CheckSymbolExists.cxx:
/* */
#include <QtCore/qglobal.h>

int main(int argc, char** argv)
{
  (void)argv;
#ifndef Q_WS_MAC
  return ((int*)(&Q_WS_MAC))[argc];
#else
  (void)argc;
  return 0;
#endif
}

