Determining if the Q_WS_WIN exist failed with the following output:
Change Dir: /home/saroj/Capstone/Capstone-44-Object-Segmentation/SAROJ/myQT/build/CMakeFiles/CMakeTmp

Run Build Command:/usr/bin/make "cmTryCompileExec3536608173/fast"
/usr/bin/make -f CMakeFiles/cmTryCompileExec3536608173.dir/build.make CMakeFiles/cmTryCompileExec3536608173.dir/build
make[1]: Entering directory `/home/saroj/Capstone/Capstone-44-Object-Segmentation/SAROJ/myQT/build/CMakeFiles/CMakeTmp'
/usr/bin/cmake -E cmake_progress_report /home/saroj/Capstone/Capstone-44-Object-Segmentation/SAROJ/myQT/build/CMakeFiles/CMakeTmp/CMakeFiles 1
Building CXX object CMakeFiles/cmTryCompileExec3536608173.dir/CheckSymbolExists.cxx.o
/usr/bin/c++    -I/usr/include/qt4    -o CMakeFiles/cmTryCompileExec3536608173.dir/CheckSymbolExists.cxx.o -c /home/saroj/Capstone/Capstone-44-Object-Segmentation/SAROJ/myQT/build/CMakeFiles/CMakeTmp/CheckSymbolExists.cxx
/home/saroj/Capstone/Capstone-44-Object-Segmentation/SAROJ/myQT/build/CMakeFiles/CMakeTmp/CheckSymbolExists.cxx: In function ‘int main(int, char**)’:
/home/saroj/Capstone/Capstone-44-Object-Segmentation/SAROJ/myQT/build/CMakeFiles/CMakeTmp/CheckSymbolExists.cxx:8:19: error: ‘Q_WS_WIN’ was not declared in this scope
   return ((int*)(&Q_WS_WIN))[argc];
                   ^
make[1]: *** [CMakeFiles/cmTryCompileExec3536608173.dir/CheckSymbolExists.cxx.o] Error 1
make[1]: Leaving directory `/home/saroj/Capstone/Capstone-44-Object-Segmentation/SAROJ/myQT/build/CMakeFiles/CMakeTmp'
make: *** [cmTryCompileExec3536608173/fast] Error 2

File /home/saroj/Capstone/Capstone-44-Object-Segmentation/SAROJ/myQT/build/CMakeFiles/CMakeTmp/CheckSymbolExists.cxx:
/* */
#include <QtCore/qglobal.h>

int main(int argc, char** argv)
{
  (void)argv;
#ifndef Q_WS_WIN
  return ((int*)(&Q_WS_WIN))[argc];
#else
  (void)argc;
  return 0;
#endif
}

Determining if the Q_WS_QWS exist failed with the following output:
Change Dir: /home/saroj/Capstone/Capstone-44-Object-Segmentation/SAROJ/myQT/build/CMakeFiles/CMakeTmp

Run Build Command:/usr/bin/make "cmTryCompileExec2341564033/fast"
/usr/bin/make -f CMakeFiles/cmTryCompileExec2341564033.dir/build.make CMakeFiles/cmTryCompileExec2341564033.dir/build
make[1]: Entering directory `/home/saroj/Capstone/Capstone-44-Object-Segmentation/SAROJ/myQT/build/CMakeFiles/CMakeTmp'
/usr/bin/cmake -E cmake_progress_report /home/saroj/Capstone/Capstone-44-Object-Segmentation/SAROJ/myQT/build/CMakeFiles/CMakeTmp/CMakeFiles 1
Building CXX object CMakeFiles/cmTryCompileExec2341564033.dir/CheckSymbolExists.cxx.o
/usr/bin/c++    -I/usr/include/qt4    -o CMakeFiles/cmTryCompileExec2341564033.dir/CheckSymbolExists.cxx.o -c /home/saroj/Capstone/Capstone-44-Object-Segmentation/SAROJ/myQT/build/CMakeFiles/CMakeTmp/CheckSymbolExists.cxx
/home/saroj/Capstone/Capstone-44-Object-Segmentation/SAROJ/myQT/build/CMakeFiles/CMakeTmp/CheckSymbolExists.cxx: In function ‘int main(int, char**)’:
/home/saroj/Capstone/Capstone-44-Object-Segmentation/SAROJ/myQT/build/CMakeFiles/CMakeTmp/CheckSymbolExists.cxx:8:19: error: ‘Q_WS_QWS’ was not declared in this scope
   return ((int*)(&Q_WS_QWS))[argc];
                   ^
make[1]: Leaving directory `/home/saroj/Capstone/Capstone-44-Object-Segmentation/SAROJ/myQT/build/CMakeFiles/CMakeTmp'
make[1]: *** [CMakeFiles/cmTryCompileExec2341564033.dir/CheckSymbolExists.cxx.o] Error 1
make: *** [cmTryCompileExec2341564033/fast] Error 2

File /home/saroj/Capstone/Capstone-44-Object-Segmentation/SAROJ/myQT/build/CMakeFiles/CMakeTmp/CheckSymbolExists.cxx:
/* */
#include <QtCore/qglobal.h>

int main(int argc, char** argv)
{
  (void)argv;
#ifndef Q_WS_QWS
  return ((int*)(&Q_WS_QWS))[argc];
#else
  (void)argc;
  return 0;
#endif
}

Determining if the Q_WS_MAC exist failed with the following output:
Change Dir: /home/saroj/Capstone/Capstone-44-Object-Segmentation/SAROJ/myQT/build/CMakeFiles/CMakeTmp

Run Build Command:/usr/bin/make "cmTryCompileExec1763870329/fast"
/usr/bin/make -f CMakeFiles/cmTryCompileExec1763870329.dir/build.make CMakeFiles/cmTryCompileExec1763870329.dir/build
make[1]: Entering directory `/home/saroj/Capstone/Capstone-44-Object-Segmentation/SAROJ/myQT/build/CMakeFiles/CMakeTmp'
/usr/bin/cmake -E cmake_progress_report /home/saroj/Capstone/Capstone-44-Object-Segmentation/SAROJ/myQT/build/CMakeFiles/CMakeTmp/CMakeFiles 1
Building CXX object CMakeFiles/cmTryCompileExec1763870329.dir/CheckSymbolExists.cxx.o
/usr/bin/c++    -I/usr/include/qt4    -o CMakeFiles/cmTryCompileExec1763870329.dir/CheckSymbolExists.cxx.o -c /home/saroj/Capstone/Capstone-44-Object-Segmentation/SAROJ/myQT/build/CMakeFiles/CMakeTmp/CheckSymbolExists.cxx
/home/saroj/Capstone/Capstone-44-Object-Segmentation/SAROJ/myQT/build/CMakeFiles/CMakeTmp/CheckSymbolExists.cxx: In function ‘int main(int, char**)’:
/home/saroj/Capstone/Capstone-44-Object-Segmentation/SAROJ/myQT/build/CMakeFiles/CMakeTmp/CheckSymbolExists.cxx:8:19: error: ‘Q_WS_MAC’ was not declared in this scope
   return ((int*)(&Q_WS_MAC))[argc];
                   ^
make[1]: *** [CMakeFiles/cmTryCompileExec1763870329.dir/CheckSymbolExists.cxx.o] Error 1
make[1]: Leaving directory `/home/saroj/Capstone/Capstone-44-Object-Segmentation/SAROJ/myQT/build/CMakeFiles/CMakeTmp'
make: *** [cmTryCompileExec1763870329/fast] Error 2

File /home/saroj/Capstone/Capstone-44-Object-Segmentation/SAROJ/myQT/build/CMakeFiles/CMakeTmp/CheckSymbolExists.cxx:
/* */
#include <QtCore/qglobal.h>

int main(int argc, char** argv)
{
  (void)argv;
#ifndef Q_WS_MAC
  return ((int*)(&Q_WS_MAC))[argc];
#else
  (void)argc;
  return 0;
#endif
}

